Build started 3/28/2011 6:33:49 PM.
     1>Project "C:\Users\JolexTek\Desktop\lab2_zad6\lab2_zad6\lab2_zad6.vcxproj" on node 2 (build target(s)).
     1>InitializeBuildStatus:
         Creating "Debug\lab2_zad6.unsuccessfulbuild" because "AlwaysCreate" was specified.
       ClCompile:
         C:\Program Files\Microsoft Visual Studio 10.0\VC\bin\CL.exe /c /ZI /nologo /W3 /WX- /Od /Oy- /D WIN32 /D _DEBUG /D _CONSOLE /D _UNICODE /D UNICODE /Gm /EHsc /RTC1 /MDd /GS /fp:precise /Zc:wchar_t /Zc:forScope /Fo"Debug\\" /Fd"Debug\vc100.pdb" /Gd /TP /analyze- /errorReport:prompt main.cpp StaticSortList.cpp
         StaticSortList.cpp
         main.cpp
         Generating Code...
       ManifestResourceCompile:
         C:\Program Files\Microsoft SDKs\Windows\v7.0A\bin\rc.exe /nologo /fo"Debug\lab2_zad6.exe.embed.manifest.res" Debug\lab2_zad6_manifest.rc 
       Link:
         C:\Program Files\Microsoft Visual Studio 10.0\VC\bin\link.exe /ERRORREPORT:PROMPT /OUT:"C:\Users\JolexTek\Desktop\lab2_zad6\Debug\lab2_zad6.exe" /INCREMENTAL /NOLOGO kernel32.lib user32.lib gdi32.lib winspool.lib comdlg32.lib advapi32.lib shell32.lib ole32.lib oleaut32.lib uuid.lib odbc32.lib odbccp32.lib /MANIFEST /ManifestFile:"Debug\lab2_zad6.exe.intermediate.manifest" /MANIFESTUAC:"level='asInvoker' uiAccess='false'" /DEBUG /PDB:"C:\Users\JolexTek\Desktop\lab2_zad6\Debug\lab2_zad6.pdb" /SUBSYSTEM:CONSOLE /TLBID:1 /DYNAMICBASE /NXCOMPAT /IMPLIB:"C:\Users\JolexTek\Desktop\lab2_zad6\Debug\lab2_zad6.lib" /MACHINE:X86 Debug\lab2_zad6.exe.embed.manifest.res
         Debug\main.obj
         Debug\StaticSortList.obj
       Manifest:
         C:\Program Files\Microsoft SDKs\Windows\v7.0A\bin\mt.exe /nologo /verbose /out:"Debug\lab2_zad6.exe.embed.manifest" /manifest Debug\lab2_zad6.exe.intermediate.manifest
         
     1>mt.exe : general error c101008a: Failed to save the updated manifest to the file "Debug\lab2_zad6.exe.embed.manifest". The parameter is incorrect.
         
     1>Done Building Project "C:\Users\JolexTek\Desktop\lab2_zad6\lab2_zad6\lab2_zad6.vcxproj" (build target(s)) -- FAILED.

Build FAILED.

Time Elapsed 00:00:03.01
