Build started 3/28/2011 6:32:47 PM.
     1>Project "C:\Users\JolexTek\Desktop\SortDD\SortDD\SortDD.vcxproj" on node 2 (build target(s)).
     1>InitializeBuildStatus:
         Creating "Debug\SortDD.unsuccessfulbuild" because "AlwaysCreate" was specified.
       ClCompile:
         C:\Program Files\Microsoft Visual Studio 10.0\VC\bin\CL.exe /c /ZI /nologo /W3 /WX- /Od /Oy- /D WIN32 /D _DEBUG /D _CONSOLE /D _UNICODE /D UNICODE /Gm /EHsc /RTC1 /MDd /GS /fp:precise /Zc:wchar_t /Zc:forScope /Fo"Debug\\" /Fd"Debug\vc100.pdb" /Gd /TP /analyze- /errorReport:prompt DLL.cpp Main.cpp
         Main.cpp
         DLL.cpp
     1>c:\users\jolextek\desktop\sortdd\sortdd\dll.cpp(55): warning C4101: 'm' : unreferenced local variable
         Generating Code...
       ManifestResourceCompile:
         C:\Program Files\Microsoft SDKs\Windows\v7.0A\bin\rc.exe /nologo /fo"Debug\SortDD.exe.embed.manifest.res" Debug\SortDD_manifest.rc 
       Link:
         C:\Program Files\Microsoft Visual Studio 10.0\VC\bin\link.exe /ERRORREPORT:PROMPT /OUT:"C:\Users\JolexTek\Desktop\SortDD\Debug\SortDD.exe" /INCREMENTAL /NOLOGO kernel32.lib user32.lib gdi32.lib winspool.lib comdlg32.lib advapi32.lib shell32.lib ole32.lib oleaut32.lib uuid.lib odbc32.lib odbccp32.lib /MANIFEST /ManifestFile:"Debug\SortDD.exe.intermediate.manifest" /MANIFESTUAC:"level='asInvoker' uiAccess='false'" /DEBUG /PDB:"C:\Users\JolexTek\Desktop\SortDD\Debug\SortDD.pdb" /SUBSYSTEM:CONSOLE /TLBID:1 /DYNAMICBASE /NXCOMPAT /IMPLIB:"C:\Users\JolexTek\Desktop\SortDD\Debug\SortDD.lib" /MACHINE:X86 Debug\SortDD.exe.embed.manifest.res
         Debug\DLL.obj
         Debug\Main.obj
       Manifest:
         C:\Program Files\Microsoft SDKs\Windows\v7.0A\bin\mt.exe /nologo /verbose /out:"Debug\SortDD.exe.embed.manifest" /manifest Debug\SortDD.exe.intermediate.manifest
         
     1>mt.exe : general error c101008a: Failed to save the updated manifest to the file "Debug\SortDD.exe.embed.manifest". The parameter is incorrect.
         
     1>Done Building Project "C:\Users\JolexTek\Desktop\SortDD\SortDD\SortDD.vcxproj" (build target(s)) -- FAILED.

Build FAILED.

Time Elapsed 00:00:06.25
