Build started 3/31/2014 3:52:05 PM.
     1>Project "C:\Users\Aleksandar\Documents\Visual Studio 2012\Projects\lab 3.8.1\lab 3.8.1\lab 3.8.1.vcxproj" on node 2 (Build target(s)).
     1>ClCompile:
         C:\Program Files (x86)\Microsoft Visual Studio 11.0\VC\bin\CL.exe /c /ZI /nologo /W3 /WX- /Od /Oy- /D _MBCS /Gm /EHsc /RTC1 /MDd /GS /fp:precise /Zc:wchar_t /Zc:forScope /Fo"Debug\\" /Fd"Debug\vc110.pdb" /Gd /TP /analyze- /errorReport:prompt main.cpp
         main.cpp
     1>c:\users\aleksandar\documents\visual studio 2012\projects\lab 3.8.1\lab 3.8.1\expression.h(17): warning C4996: 'gets': This function or variable may be unsafe. Consider using gets_s instead. To disable deprecation, use _CRT_SECURE_NO_WARNINGS. See online help for details.
                 c:\program files (x86)\microsoft visual studio 11.0\vc\include\stdio.h(261) : see declaration of 'gets'
     1>c:\users\aleksandar\documents\visual studio 2012\projects\lab 3.8.1\lab 3.8.1\expression.h(124): warning C4996: 'strcat': This function or variable may be unsafe. Consider using strcat_s instead. To disable deprecation, use _CRT_SECURE_NO_WARNINGS. See online help for details.
                 c:\program files (x86)\microsoft visual studio 11.0\vc\include\string.h(115) : see declaration of 'strcat'
     1>c:\users\aleksandar\documents\visual studio 2012\projects\lab 3.8.1\lab 3.8.1\expression.h(133): warning C4996: 'strcat': This function or variable may be unsafe. Consider using strcat_s instead. To disable deprecation, use _CRT_SECURE_NO_WARNINGS. See online help for details.
                 c:\program files (x86)\microsoft visual studio 11.0\vc\include\string.h(115) : see declaration of 'strcat'
     1>c:\users\aleksandar\documents\visual studio 2012\projects\lab 3.8.1\lab 3.8.1\expression.h(145): warning C4996: 'strcat': This function or variable may be unsafe. Consider using strcat_s instead. To disable deprecation, use _CRT_SECURE_NO_WARNINGS. See online help for details.
                 c:\program files (x86)\microsoft visual studio 11.0\vc\include\string.h(115) : see declaration of 'strcat'
     1>c:\users\aleksandar\documents\visual studio 2012\projects\lab 3.8.1\lab 3.8.1\expression.h(151): warning C4996: 'strcat': This function or variable may be unsafe. Consider using strcat_s instead. To disable deprecation, use _CRT_SECURE_NO_WARNINGS. See online help for details.
                 c:\program files (x86)\microsoft visual studio 11.0\vc\include\string.h(115) : see declaration of 'strcat'
     1>c:\users\aleksandar\documents\visual studio 2012\projects\lab 3.8.1\lab 3.8.1\expression.h(167): warning C4996: 'strcat': This function or variable may be unsafe. Consider using strcat_s instead. To disable deprecation, use _CRT_SECURE_NO_WARNINGS. See online help for details.
                 c:\program files (x86)\microsoft visual studio 11.0\vc\include\string.h(115) : see declaration of 'strcat'
     1>c:\users\aleksandar\documents\visual studio 2012\projects\lab 3.8.1\lab 3.8.1\expression.h(173): warning C4996: 'strcat': This function or variable may be unsafe. Consider using strcat_s instead. To disable deprecation, use _CRT_SECURE_NO_WARNINGS. See online help for details.
                 c:\program files (x86)\microsoft visual studio 11.0\vc\include\string.h(115) : see declaration of 'strcat'
     1>c:\users\aleksandar\documents\visual studio 2012\projects\lab 3.8.1\lab 3.8.1\expression.h(77): warning C4715: 'Expression::operation' : not all control paths return a value
       Link:
         C:\Program Files (x86)\Microsoft Visual Studio 11.0\VC\bin\link.exe /ERRORREPORT:PROMPT /OUT:"C:\Users\Aleksandar\Documents\Visual Studio 2012\Projects\lab 3.8.1\Debug\lab 3.8.1.exe" /INCREMENTAL /NOLOGO kernel32.lib user32.lib gdi32.lib winspool.lib comdlg32.lib advapi32.lib shell32.lib ole32.lib oleaut32.lib uuid.lib odbc32.lib odbccp32.lib /MANIFEST /MANIFESTUAC:"level='asInvoker' uiAccess='false'" /manifest:embed /DEBUG /PDB:"C:\Users\Aleksandar\Documents\Visual Studio 2012\Projects\lab 3.8.1\Debug\lab 3.8.1.pdb" /TLBID:1 /DYNAMICBASE /NXCOMPAT /IMPLIB:"C:\Users\Aleksandar\Documents\Visual Studio 2012\Projects\lab 3.8.1\Debug\lab 3.8.1.lib" /MACHINE:X86 Debug\main.obj
     1>LINK : fatal error LNK1168: cannot open C:\Users\Aleksandar\Documents\Visual Studio 2012\Projects\lab 3.8.1\Debug\lab 3.8.1.exe for writing
     1>Done Building Project "C:\Users\Aleksandar\Documents\Visual Studio 2012\Projects\lab 3.8.1\lab 3.8.1\lab 3.8.1.vcxproj" (Build target(s)) -- FAILED.

Build FAILED.

Time Elapsed 00:00:02.34
