Build started 05-Apr-14 20:05:09.
     1>Project "D:\Dokumenta\Elektronski fakultet Nis\IV semestar\Strukture podataka\Lab vezbe\LabVezba4\Hash-1\Hash-1\Hash-1.vcxproj" on node 2 (Build target(s)).
     1>ClCompile:
         C:\Program Files (x86)\Microsoft Visual Studio 12.0\VC\bin\CL.exe /c /ZI /nologo /W3 /WX- /Od /Oy- /D WIN32 /D _DEBUG /D _CONSOLE /D _UNICODE /D UNICODE /Gm /EHsc /RTC1 /MDd /GS /fp:precise /Zc:wchar_t /Zc:forScope /Fo"Debug\\" /Fd"Debug\vc120.pdb" /Gd /TP /analyze- /errorReport:prompt ChainedHashTable.cpp HashObject.cpp main.cpp SLList.cpp
         SLList.cpp
         main.cpp
         HashObject.cpp
     1>d:\dokumenta\elektronski fakultet nis\iv semestar\strukture podataka\lab vezbe\labvezba4\hash-1\hash-1\hashobject.cpp(12): warning C4552: '-' : operator has no effect; expected operator with side-effect
         ChainedHashTable.cpp
         Generating Code...
       Link:
         C:\Program Files (x86)\Microsoft Visual Studio 12.0\VC\bin\link.exe /ERRORREPORT:PROMPT /OUT:"D:\Dokumenta\Elektronski fakultet Nis\IV semestar\Strukture podataka\Lab vezbe\LabVezba4\Hash-1\Debug\Hash-1.exe" /INCREMENTAL /NOLOGO kernel32.lib user32.lib gdi32.lib winspool.lib comdlg32.lib advapi32.lib shell32.lib ole32.lib oleaut32.lib uuid.lib odbc32.lib odbccp32.lib /MANIFEST /MANIFESTUAC:"level='asInvoker' uiAccess='false'" /manifest:embed /DEBUG /PDB:"D:\Dokumenta\Elektronski fakultet Nis\IV semestar\Strukture podataka\Lab vezbe\LabVezba4\Hash-1\Debug\Hash-1.pdb" /SUBSYSTEM:CONSOLE /TLBID:1 /DYNAMICBASE /NXCOMPAT /IMPLIB:"D:\Dokumenta\Elektronski fakultet Nis\IV semestar\Strukture podataka\Lab vezbe\LabVezba4\Hash-1\Debug\Hash-1.lib" /MACHINE:X86 Debug\ChainedHashTable.obj
         Debug\HashObject.obj
         Debug\main.obj
         Debug\SLList.obj
     1>LINK : fatal error LNK1207: incompatible PDB format in 'D:\Dokumenta\Elektronski fakultet Nis\IV semestar\Strukture podataka\Lab vezbe\LabVezba4\Hash-1\Debug\Hash-1.pdb'; delete and rebuild
     1>Done Building Project "D:\Dokumenta\Elektronski fakultet Nis\IV semestar\Strukture podataka\Lab vezbe\LabVezba4\Hash-1\Hash-1\Hash-1.vcxproj" (Build target(s)) -- FAILED.

Build FAILED.

Time Elapsed 00:00:08.83
